<?xml version="1.0" encoding="UTF-8"?>
<!-- Generated by org.testng.reporters.JUnitXMLReporter -->
<testsuite hostname="Kuldeep" ignored="0" name="Test" tests="2" failures="0" timestamp="18 Sep 2018 19:20:10 GMT" time="0.23" errors="0">
  <testcase name="@BeforeMethod admin_login" time="0.128" classname="MainTestcase.TestScript">
    <failure type="java.lang.NoSuchMethodError" message="com.google.common.base.Preconditions.checkState(ZLjava/lang/String;Ljava/lang/Object;Ljava/lang/Object;Ljava/lang/Object;)V">
      <![CDATA[java.lang.NoSuchMethodError: com.google.common.base.Preconditions.checkState(ZLjava/lang/String;Ljava/lang/Object;Ljava/lang/Object;Ljava/lang/Object;)V
at org.openqa.selenium.remote.service.DriverService.findExecutable(DriverService.java:124)
at org.openqa.selenium.chrome.ChromeDriverService.access$000(ChromeDriverService.java:32)
at org.openqa.selenium.chrome.ChromeDriverService$Builder.findDefaultExecutable(ChromeDriverService.java:137)
at org.openqa.selenium.remote.service.DriverService$Builder.build(DriverService.java:339)
at org.openqa.selenium.chrome.ChromeDriverService.createDefaultService(ChromeDriverService.java:88)
at org.openqa.selenium.chrome.ChromeDriver.<init>(ChromeDriver.java:123)
at MainTestcase.TestScript.admin_login(TestScript.java:24)
... Removed 28 stack frames]]>
    </failure>
  </testcase> <!-- @BeforeMethod admin_login -->
  <testcase name="@AfterMethod admin_logout" time="0.0" classname="MainTestcase.TestScript">
    <skipped/>
  </testcase> <!-- @AfterMethod admin_logout -->
  <testcase name="@BeforeMethod admin_login" time="0.0" classname="MainTestcase.TestScript">
    <skipped/>
  </testcase> <!-- @BeforeMethod admin_login -->
  <testcase name="@AfterMethod admin_logout" time="0.0" classname="MainTestcase.TestScript">
    <skipped/>
  </testcase> <!-- @AfterMethod admin_logout -->
  <testcase name="user_creation" time="0.0" classname="MainTestcase.TestScript">
    <skipped/>
  </testcase> <!-- user_creation -->
  <testcase name="emp_creation" time="0.0" classname="MainTestcase.TestScript">
    <skipped/>
  </testcase> <!-- emp_creation -->
</testsuite> <!-- Test -->
